{"name": "Ecshop-LOGIN-003 使用错误密码登录提示报错信息", "status": "failed", "statusDetails": {"message": "AssertionError: 未匹配到错误提示。期望: '用户名或密码错误' 实际: '密码' 候选: []", "trace": "case = {'expected': {'message_contains': '用户名或密码错误', 'ok': False, 'selector': \"xpath=//div[contains(@class,'boxCenterList')]/...N-003', 'input': {'password': 'ecshop1', 'remember': False, 'username': 'ecshop'}, 'marks': ['smoke', 'negative'], ...}\ndriver = <selenium.webdriver.chrome.webdriver.WebDriver (session=\"420f8d58f92add112d8c6ba3345cd830\")>, base_url = 'http://localhost'\nconfig = {'base_url': 'http://localhost', 'password': 'ecshop', 'username': 'ecshop'}\n\n    @allure.feature(\"Account\")\n    @allure.story(\"Login\")\n    @pytest.mark.parametrize(\"case\", _load_cases(DATA_DIR / \"login.yaml\"))\n    def test_login(case, driver, base_url, config):\n        \"\"\"\n        冒烟 + 回归：登录正/反向用例\n        使用 fixtures:\n          - driver: selenium webdriver\n          - base_url: 从 environment.yaml 读取\n          - config: 默认账号配置\n        \"\"\"\n        allure.dynamic.title(f'{case[\"id\"]} {case[\"title\"]}')\n    \n        page = LoginPage(driver, base_url).open()\n    \n        # 仅当键不存在时才回退到 config；若键存在（哪怕是空字符串）就使用用例中的值\n        username = case[\"input\"][\"username\"] if \"username\" in case[\"input\"] else config.get(\"username\")\n        password = case[\"input\"][\"password\"] if \"password\" in case[\"input\"] else config.get(\"password\")\n        remember = case[\"input\"].get(\"remember\", case[\"input\"].get(\"remember_me\", False))\n    \n        with allure.step(\"填写并提交登录\"):\n            page.login(username=username, password=password, remember=remember)\n    \n        with allure.step(\"断言登录结果\"):\n            if case[\"expected\"].get(\"ok\"):\n                landing = case[\"expected\"].get(\"landing\")\n                try:\n                    if landing:\n                        page.assert_login_success(landing)\n                    else:\n                        page.assert_login_success()\n                except TypeError:\n                    page.assert_login_success()\n            else:\n                expected_msg = case[\"expected\"].get(\"message_contains\", \"\")\n                selector = case[\"expected\"].get(\"selector\")\n                timeout = case[\"expected\"].get(\"wait\", 3)\n    \n                # 先尝试 JS alert，再回退页面元素\n                alert_handled = False\n                try:\n                    page.assert_alert_contains(expected_msg, timeout=timeout)\n                    alert_handled = True\n                except Exception:\n                    pass\n    \n                if not alert_handled:\n>                   page.assert_error_contains(expected_msg, selector=selector, timeout=timeout)\n\ntestcases\\account\\test_login_smoke.py:378: \n_ _ _ _ _ _ _ _ _ _ _ _ _ _ _ _ _ _ _ _ _ _ _ _ _ _ _ _ _ _ _ _ _ _ _ _ _ _ _ _ _ _ _ _ _ _ _ _ _ _ _ _ _ _ _ _ _ _ _ _ _ _ _ _ _ _ _ _ _ _ _ _ _ _ _ _ _ _ _\n\nself = <pageobjects.account.LoginPage.LoginPage object at 0x04BFEE58>, expected_substring = '用户名或密码错误'\nselector = \"xpath=//div[contains(@class,'boxCenterList')]//p[contains(normalize-space(.),'用户名或密码错误')]\", timeout = 15\n\n    @allure.step(\"断言错误提示包含期望文案（加强等待）\")\n    def assert_error_contains(\n        self,\n        expected_substring: str,\n        selector: Optional[str] = None,\n        timeout: int = 5\n    ):\n        expected_substring = (expected_substring or \"\").strip()\n        found_text = \"\"\n        selector_used = False\n    \n        if selector:\n            try:\n                loc = self._parse_selector(selector)\n                selector_used = True\n                el = self._wait_present(loc, timeout=timeout)\n                # 轮询等待文本更新为期望内容\n                final_txt = self._wait_text(lambda: self.driver.find_element(*loc), expected_substring, timeout)\n                found_text = (final_txt or el.text or \"\").strip()\n            except Exception:\n                selector_used = False  # 回退\n    \n        if not found_text:\n            try:\n                el = self._try_first_present(self.ERROR_ZONES, timeout=timeout)\n                found_text = (el.text or \"\").strip()\n            except Exception:\n                found_text = self._find_error_text_from_source(expected_substring)\n    \n        # 附加候选文本收集（帮助调试）\n        candidate_nodes_text = []\n        try:\n            nodes = self.driver.find_elements(\n                By.XPATH,\n                \"//div[contains(@class,'boxCenterList')]//p\"\n            )\n            for n in nodes:\n                txt = (n.text or \"\").strip()\n                if txt:\n                    candidate_nodes_text.append(txt)\n        except Exception:\n            pass\n    \n        self._attach_screenshot(\"login-error-screenshot\")\n        self._attach_source()\n        allure.attach(found_text or \"EMPTY\", name=\"login-error-final\", attachment_type=allure.attachment_type.TEXT)\n        allure.attach(\"\\n\".join(candidate_nodes_text) or \"EMPTY\", name=\"login-error-candidates\", attachment_type=allure.attachment_type.TEXT)\n        allure.attach(f\"selector_used={selector_used} timeout={timeout}\", name=\"login-error-meta\", attachment_type=allure.attachment_type.TEXT)\n    \n        if expected_substring and expected_substring not in found_text:\n>           raise AssertionError(\n                f\"未匹配到错误提示。期望: '{expected_substring}' 实际: '{found_text}' 候选: {candidate_nodes_text}\"\n            )\nE           AssertionError: 未匹配到错误提示。期望: '用户名或密码错误' 实际: '密码' 候选: []\n\npageobjects\\account\\LoginPage.py:584: AssertionError"}, "description": "\n    冒烟 + 回归：登录正/反向用例\n    使用 fixtures:\n      - driver: selenium webdriver\n      - base_url: 从 environment.yaml 读取\n      - config: 默认账号配置\n    ", "steps": [{"name": "打开登录入口", "status": "passed", "start": 1762594334555, "stop": 1762594342903}, {"name": "填写并提交登录", "status": "passed", "steps": [{"name": "填写并提交登录表单", "status": "passed", "parameters": [{"name": "username", "value": "'ecshop'"}, {"name": "password", "value": "'ecshop1'"}, {"name": "remember", "value": "False"}], "start": 1762594342903, "stop": 1762594343082}], "start": 1762594342903, "stop": 1762594343082}, {"name": "断言登录结果", "status": "failed", "statusDetails": {"message": "AssertionError: 未匹配到错误提示。期望: '用户名或密码错误' 实际: '密码' 候选: []\n", "trace": "  File \"D:\\POM_WebUITest\\testcases\\account\\test_login_smoke.py\", line 378, in test_login\n    page.assert_error_contains(expected_msg, selector=selector, timeout=timeout)\n  File \"C:\\Users\\admin\\AppData\\Local\\Programs\\Python\\Python312-32\\Lib\\site-packages\\allure_commons\\_allure.py\", line 192, in impl\n    return func(*a, **kw)\n           ^^^^^^^^^^^^^^\n  File \"D:\\POM_WebUITest\\pageobjects\\account\\LoginPage.py\", line 584, in assert_error_contains\n    raise AssertionError(\n"}, "steps": [{"name": "断言（若存在）JS Alert 错误提示", "status": "failed", "statusDetails": {"message": "AssertionError: 未检测到 alert\n", "trace": "  File \"C:\\Users\\admin\\AppData\\Local\\Programs\\Python\\Python312-32\\Lib\\site-packages\\allure_commons\\_allure.py\", line 192, in impl\n    return func(*a, **kw)\n           ^^^^^^^^^^^^^^\n  File \"D:\\POM_WebUITest\\pageobjects\\account\\LoginPage.py\", line 600, in assert_alert_contains\n    raise AssertionError(\"未检测到 alert\")\n"}, "parameters": [{"name": "expected_substring", "value": "'用户名或密码错误'"}, {"name": "timeout", "value": "15"}], "start": 1762594343082, "stop": 1762594358470}, {"name": "断言错误提示包含期望文案（加强等待）", "status": "failed", "statusDetails": {"message": "AssertionError: 未匹配到错误提示。期望: '用户名或密码错误' 实际: '密码' 候选: []\n", "trace": "  File \"C:\\Users\\admin\\AppData\\Local\\Programs\\Python\\Python312-32\\Lib\\site-packages\\allure_commons\\_allure.py\", line 192, in impl\n    return func(*a, **kw)\n           ^^^^^^^^^^^^^^\n  File \"D:\\POM_WebUITest\\pageobjects\\account\\LoginPage.py\", line 584, in assert_error_contains\n    raise AssertionError(\n"}, "attachments": [{"name": "login-error-screenshot", "source": "139e79cc-b091-4fff-a9b4-eb55b34fa078-attachment.png", "type": "image/png"}, {"name": "page-source", "source": "80996860-5d4a-42eb-881c-d6817f666ce9-attachment.txt", "type": "text/plain"}, {"name": "login-error-final", "source": "b9af6187-659d-427d-aec7-4e3e4e8d978a-attachment.txt", "type": "text/plain"}, {"name": "login-error-candidates", "source": "34fcc8ab-e494-4063-bdfa-1aefe785ee52-attachment.txt", "type": "text/plain"}, {"name": "login-error-meta", "source": "05a3fb64-038f-46af-904d-98044a0914d0-attachment.txt", "type": "text/plain"}], "parameters": [{"name": "expected_substring", "value": "'用户名或密码错误'"}, {"name": "selector", "value": "'xpath=//div[contains(@class,'boxCenterList')]//p[contains(normalize-space(.),'用户名或密码错误')]'"}, {"name": "timeout", "value": "15"}], "start": 1762594358471, "stop": 1762594428053}], "start": 1762594343082, "stop": 1762594428054}], "parameters": [{"name": "case", "value": "{'id': 'Ecshop-LOGIN-003', 'title': '使用错误密码登录提示报错信息', 'input': {'username': 'ecshop', 'password': 'ecshop1', 'remember': False}, 'expected': {'ok': False, 'message_contains': '用户名或密码错误', 'selector': \"xpath=//div[contains(@class,'boxCenterList')]//p[contains(normalize-space(.),'用户名或密码错误')]\", 'wait': 15}, 'marks': ['smoke', 'negative']}"}], "start": 1762594334555, "stop": 1762594428055, "uuid": "100cb916-bcaa-4a2a-a927-b096c35d753b", "historyId": "69462baa513ffffb93aa80c20468bd09", "testCaseId": "1c71e20e073fc747fdf03f814ed0bc40", "fullName": "testcases.account.test_login_smoke#test_login", "labels": [{"name": "feature", "value": "Account"}, {"name": "story", "value": "Login"}, {"name": "tag", "value": "smoke"}, {"name": "tag", "value": "negative"}, {"name": "parentSuite", "value": "testcases.account"}, {"name": "suite", "value": "test_login_smoke"}, {"name": "host", "value": "class016"}, {"name": "thread", "value": "14064-MainThread"}, {"name": "framework", "value": "pytest"}, {"name": "language", "value": "cpython3"}, {"name": "package", "value": "testcases.account.test_login_smoke"}]}